
2023-03-09 13:31:02,164 Неверная попытка входа под логином xldfkvdflk
2023-03-09 13:31:59,990 Неверная попытка входа под логином fkvfljvdl
2023-03-09 13:47:36,200 Вход пользователя admin
2023-03-09 13:49:13,882 Вход пользователя admin
2023-03-09 13:51:12,196 Вход пользователя admin
2023-03-09 13:51:48,454 Вход пользователя admin
2023-03-09 13:54:56,095 Вход пользователя admin
2023-03-09 13:56:18,014 Вход пользователя admin
2023-03-09 13:59:56,078 Вход пользователя admin
2023-03-09 14:00:44,536 Вход пользователя admin
2023-03-09 14:04:18,277 Неверная попытка входа под логином dkgufhu
2023-03-09 14:11:34,693 Вход пользователя admin
2023-03-09 14:11:42,500 Неверная попытка входа под логином djfvgj
2023-03-09 14:14:23,118 Вход пользователя admin
2023-03-09 14:17:27,914 Вход пользователя admin
2023-03-09 14:19:19,064 Вход пользователя admin
2023-03-09 14:20:00,567 Вход пользователя admin
2023-03-09 14:20:45,750 Вход пользователя admin
2023-03-09 14:21:20,068 Вход пользователя admin
2023-03-09 14:26:10,518 Вход пользователя admin
2023-03-09 14:27:13,174 Вход пользователя admin
